Building DAG of jobs...
Provided cores: 8
Rules claiming more threads will be scaled down.
Job counts:
	count	jobs
	1	RNAseqFGT
	1	estimation_best_model
	1	fasta2ABC_1pop
	1	gof
	1	modelComparison
	1	simulation_best_model
	1	simulation_gof
	30	simulationsModelComp
	1	targets
	38

rule fasta2ABC_1pop:
    input: /home/croux/Documents/ABConline/all_loci.fasta
    output: Ng4PymB1dy/general_infos.txt, Ng4PymB1dy/ABCjsfs.txt, Ng4PymB1dy/ABCstat_global.txt, Ng4PymB1dy/ABCstat_loci.txt, Ng4PymB1dy/bpfile, Ng4PymB1dy/nLoci.txt, Ng4PymB1dy/chi_infos.txt, Ng4PymB1dy/chi.ms
    jobid: 1
    threads: 8


		x=$(date)
		fasta2ABC_1pop.py /home/croux/Documents/ABConline/all_loci.fasta Ng4PymB1dy chi num coding 30 0.1 12 3e-09 1
		echo "nSpecies,"1>Ng4PymB1dy/general_infos.txt
		echo "nameA,"chi>>Ng4PymB1dy/general_infos.txt
		y=$( cat Ng4PymB1dy/nLoci.txt )
		echo "nLoci,"${y}>>Ng4PymB1dy/general_infos.txt
		echo "mail,"test@gmail.com>>Ng4PymB1dy/general_infos.txt
		echo "date,"${x}>>Ng4PymB1dy/general_infos.txt
		
Finished job 1.
1 of 38 steps (3%) done

rule simulationsModelComp:
    input: Ng4PymB1dy/bpfile, Ng4PymB1dy/nLoci.txt
    output: Ng4PymB1dy/modelComp/Expo_1N_0/bpfile, Ng4PymB1dy/modelComp/Expo_1N_0/priorfile.txt, Ng4PymB1dy/modelComp/Expo_1N_0/ABCstat.txt
    jobid: 27
    wildcards: timeStamp=Ng4PymB1dy, model=Expo_1N, i=0


		submit_simulations_1pop.py 1 1000 0 Expo_1N chi modelComp Expo_1N /home/croux/Documents/ABConline/1pop/config.yaml Ng4PymB1dy
		

rule simulationsModelComp:
    input: Ng4PymB1dy/bpfile, Ng4PymB1dy/nLoci.txt
    output: Ng4PymB1dy/modelComp/Discrete_2N_2/bpfile, Ng4PymB1dy/modelComp/Discrete_2N_2/priorfile.txt, Ng4PymB1dy/modelComp/Discrete_2N_2/ABCstat.txt
    jobid: 32
    wildcards: timeStamp=Ng4PymB1dy, model=Discrete_2N, i=2


		submit_simulations_1pop.py 1 1000 2 Discrete_2N chi modelComp Discrete_2N /home/croux/Documents/ABConline/1pop/config.yaml Ng4PymB1dy
		

rule simulationsModelComp:
    input: Ng4PymB1dy/bpfile, Ng4PymB1dy/nLoci.txt
    output: Ng4PymB1dy/modelComp/Expo_1N_1/bpfile, Ng4PymB1dy/modelComp/Expo_1N_1/priorfile.txt, Ng4PymB1dy/modelComp/Expo_1N_1/ABCstat.txt
    jobid: 13
    wildcards: timeStamp=Ng4PymB1dy, model=Expo_1N, i=1


		submit_simulations_1pop.py 1 1000 1 Expo_1N chi modelComp Expo_1N /home/croux/Documents/ABConline/1pop/config.yaml Ng4PymB1dy
		

rule simulationsModelComp:
    input: Ng4PymB1dy/bpfile, Ng4PymB1dy/nLoci.txt
    output: Ng4PymB1dy/modelComp/Constant_2N_1/bpfile, Ng4PymB1dy/modelComp/Constant_2N_1/priorfile.txt, Ng4PymB1dy/modelComp/Constant_2N_1/ABCstat.txt
    jobid: 29
    wildcards: timeStamp=Ng4PymB1dy, model=Constant_2N, i=1


		submit_simulations_1pop.py 1 1000 1 Constant_2N chi modelComp Constant_2N /home/croux/Documents/ABConline/1pop/config.yaml Ng4PymB1dy
		
rule simulationsModelComp:
    input: Ng4PymB1dy/bpfile, Ng4PymB1dy/nLoci.txt
    output: Ng4PymB1dy/modelComp/Expo_1N_4/bpfile, Ng4PymB1dy/modelComp/Expo_1N_4/priorfile.txt, Ng4PymB1dy/modelComp/Expo_1N_4/ABCstat.txt
    jobid: 21
    wildcards: timeStamp=Ng4PymB1dy, model=Expo_1N, i=4


		submit_simulations_1pop.py 1 1000 4 Expo_1N chi modelComp Expo_1N /home/croux/Documents/ABConline/1pop/config.yaml Ng4PymB1dy
		
rule simulationsModelComp:
    input: Ng4PymB1dy/bpfile, Ng4PymB1dy/nLoci.txt
    output: Ng4PymB1dy/modelComp/Expo_2N_0/bpfile, Ng4PymB1dy/modelComp/Expo_2N_0/priorfile.txt, Ng4PymB1dy/modelComp/Expo_2N_0/ABCstat.txt
    jobid: 18
    wildcards: timeStamp=Ng4PymB1dy, model=Expo_2N, i=0


		submit_simulations_1pop.py 1 1000 0 Expo_2N chi modelComp Expo_2N /home/croux/Documents/ABConline/1pop/config.yaml Ng4PymB1dy
		
rule simulationsModelComp:
    input: Ng4PymB1dy/bpfile, Ng4PymB1dy/nLoci.txt
    output: Ng4PymB1dy/modelComp/Constant_1N_2/bpfile, Ng4PymB1dy/modelComp/Constant_1N_2/priorfile.txt, Ng4PymB1dy/modelComp/Constant_1N_2/ABCstat.txt
    jobid: 9
    wildcards: timeStamp=Ng4PymB1dy, model=Constant_1N, i=2


		submit_simulations_1pop.py 1 1000 2 Constant_1N chi modelComp Constant_1N /home/croux/Documents/ABConline/1pop/config.yaml Ng4PymB1dy
		
rule simulationsModelComp:
    input: Ng4PymB1dy/bpfile, Ng4PymB1dy/nLoci.txt
    output: Ng4PymB1dy/modelComp/Expo_2N_2/bpfile, Ng4PymB1dy/modelComp/Expo_2N_2/priorfile.txt, Ng4PymB1dy/modelComp/Expo_2N_2/ABCstat.txt
    jobid: 16
    wildcards: timeStamp=Ng4PymB1dy, model=Expo_2N, i=2


		submit_simulations_1pop.py 1 1000 2 Expo_2N chi modelComp Expo_2N /home/croux/Documents/ABConline/1pop/config.yaml Ng4PymB1dy
		
Finished job 29.
2 of 38 steps (5%) done

rule simulationsModelComp:
    input: Ng4PymB1dy/bpfile, Ng4PymB1dy/nLoci.txt
    output: Ng4PymB1dy/modelComp/Discrete_1N_4/bpfile, Ng4PymB1dy/modelComp/Discrete_1N_4/priorfile.txt, Ng4PymB1dy/modelComp/Discrete_1N_4/ABCstat.txt
    jobid: 17
    wildcards: timeStamp=Ng4PymB1dy, model=Discrete_1N, i=4


		submit_simulations_1pop.py 1 1000 4 Discrete_1N chi modelComp Discrete_1N /home/croux/Documents/ABConline/1pop/config.yaml Ng4PymB1dy
		
Finished job 9.
3 of 38 steps (8%) done

rule simulationsModelComp:
    input: Ng4PymB1dy/bpfile, Ng4PymB1dy/nLoci.txt
    output: Ng4PymB1dy/modelComp/Constant_1N_1/bpfile, Ng4PymB1dy/modelComp/Constant_1N_1/priorfile.txt, Ng4PymB1dy/modelComp/Constant_1N_1/ABCstat.txt
    jobid: 33
    wildcards: timeStamp=Ng4PymB1dy, model=Constant_1N, i=1


		submit_simulations_1pop.py 1 1000 1 Constant_1N chi modelComp Constant_1N /home/croux/Documents/ABConline/1pop/config.yaml Ng4PymB1dy
		
Finished job 32.
4 of 38 steps (11%) done

rule simulationsModelComp:
    input: Ng4PymB1dy/bpfile, Ng4PymB1dy/nLoci.txt
    output: Ng4PymB1dy/modelComp/Expo_2N_3/bpfile, Ng4PymB1dy/modelComp/Expo_2N_3/priorfile.txt, Ng4PymB1dy/modelComp/Expo_2N_3/ABCstat.txt
    jobid: 37
    wildcards: timeStamp=Ng4PymB1dy, model=Expo_2N, i=3


		submit_simulations_1pop.py 1 1000 3 Expo_2N chi modelComp Expo_2N /home/croux/Documents/ABConline/1pop/config.yaml Ng4PymB1dy
		
Finished job 16.
5 of 38 steps (13%) done

rule simulationsModelComp:
    input: Ng4PymB1dy/bpfile, Ng4PymB1dy/nLoci.txt
    output: Ng4PymB1dy/modelComp/Constant_2N_0/bpfile, Ng4PymB1dy/modelComp/Constant_2N_0/priorfile.txt, Ng4PymB1dy/modelComp/Constant_2N_0/ABCstat.txt
    jobid: 15
    wildcards: timeStamp=Ng4PymB1dy, model=Constant_2N, i=0


		submit_simulations_1pop.py 1 1000 0 Constant_2N chi modelComp Constant_2N /home/croux/Documents/ABConline/1pop/config.yaml Ng4PymB1dy
		
Finished job 18.
6 of 38 steps (16%) done

rule simulationsModelComp:
    input: Ng4PymB1dy/bpfile, Ng4PymB1dy/nLoci.txt
    output: Ng4PymB1dy/modelComp/Discrete_1N_1/bpfile, Ng4PymB1dy/modelComp/Discrete_1N_1/priorfile.txt, Ng4PymB1dy/modelComp/Discrete_1N_1/ABCstat.txt
    jobid: 14
    wildcards: timeStamp=Ng4PymB1dy, model=Discrete_1N, i=1


		submit_simulations_1pop.py 1 1000 1 Discrete_1N chi modelComp Discrete_1N /home/croux/Documents/ABConline/1pop/config.yaml Ng4PymB1dy
		
Finished job 21.
7 of 38 steps (18%) done

rule simulationsModelComp:
    input: Ng4PymB1dy/bpfile, Ng4PymB1dy/nLoci.txt
    output: Ng4PymB1dy/modelComp/Discrete_1N_3/bpfile, Ng4PymB1dy/modelComp/Discrete_1N_3/priorfile.txt, Ng4PymB1dy/modelComp/Discrete_1N_3/ABCstat.txt
    jobid: 12
    wildcards: timeStamp=Ng4PymB1dy, model=Discrete_1N, i=3


		submit_simulations_1pop.py 1 1000 3 Discrete_1N chi modelComp Discrete_1N /home/croux/Documents/ABConline/1pop/config.yaml Ng4PymB1dy
		
Finished job 27.
8 of 38 steps (21%) done

rule simulationsModelComp:
    input: Ng4PymB1dy/bpfile, Ng4PymB1dy/nLoci.txt
    output: Ng4PymB1dy/modelComp/Expo_2N_4/bpfile, Ng4PymB1dy/modelComp/Expo_2N_4/priorfile.txt, Ng4PymB1dy/modelComp/Expo_2N_4/ABCstat.txt
    jobid: 34
    wildcards: timeStamp=Ng4PymB1dy, model=Expo_2N, i=4


		submit_simulations_1pop.py 1 1000 4 Expo_2N chi modelComp Expo_2N /home/croux/Documents/ABConline/1pop/config.yaml Ng4PymB1dy
		
Finished job 13.
9 of 38 steps (24%) done

rule simulationsModelComp:
    input: Ng4PymB1dy/bpfile, Ng4PymB1dy/nLoci.txt
    output: Ng4PymB1dy/modelComp/Discrete_2N_4/bpfile, Ng4PymB1dy/modelComp/Discrete_2N_4/priorfile.txt, Ng4PymB1dy/modelComp/Discrete_2N_4/ABCstat.txt
    jobid: 19
    wildcards: timeStamp=Ng4PymB1dy, model=Discrete_2N, i=4


		submit_simulations_1pop.py 1 1000 4 Discrete_2N chi modelComp Discrete_2N /home/croux/Documents/ABConline/1pop/config.yaml Ng4PymB1dy
		
Finished job 17.
10 of 38 steps (26%) done

rule simulationsModelComp:
    input: Ng4PymB1dy/bpfile, Ng4PymB1dy/nLoci.txt
    output: Ng4PymB1dy/modelComp/Expo_1N_2/bpfile, Ng4PymB1dy/modelComp/Expo_1N_2/priorfile.txt, Ng4PymB1dy/modelComp/Expo_1N_2/ABCstat.txt
    jobid: 26
    wildcards: timeStamp=Ng4PymB1dy, model=Expo_1N, i=2


		submit_simulations_1pop.py 1 1000 2 Expo_1N chi modelComp Expo_1N /home/croux/Documents/ABConline/1pop/config.yaml Ng4PymB1dy
		
Finished job 33.
11 of 38 steps (29%) done

rule simulationsModelComp:
    input: Ng4PymB1dy/bpfile, Ng4PymB1dy/nLoci.txt
    output: Ng4PymB1dy/modelComp/Constant_1N_4/bpfile, Ng4PymB1dy/modelComp/Constant_1N_4/priorfile.txt, Ng4PymB1dy/modelComp/Constant_1N_4/ABCstat.txt
    jobid: 31
    wildcards: timeStamp=Ng4PymB1dy, model=Constant_1N, i=4


		submit_simulations_1pop.py 1 1000 4 Constant_1N chi modelComp Constant_1N /home/croux/Documents/ABConline/1pop/config.yaml Ng4PymB1dy
		
Finished job 15.
12 of 38 steps (32%) done

rule simulationsModelComp:
    input: Ng4PymB1dy/bpfile, Ng4PymB1dy/nLoci.txt
    output: Ng4PymB1dy/modelComp/Constant_1N_3/bpfile, Ng4PymB1dy/modelComp/Constant_1N_3/priorfile.txt, Ng4PymB1dy/modelComp/Constant_1N_3/ABCstat.txt
    jobid: 8
    wildcards: timeStamp=Ng4PymB1dy, model=Constant_1N, i=3


		submit_simulations_1pop.py 1 1000 3 Constant_1N chi modelComp Constant_1N /home/croux/Documents/ABConline/1pop/config.yaml Ng4PymB1dy
		
Finished job 12.
13 of 38 steps (34%) done

rule simulationsModelComp:
    input: Ng4PymB1dy/bpfile, Ng4PymB1dy/nLoci.txt
    output: Ng4PymB1dy/modelComp/Expo_2N_1/bpfile, Ng4PymB1dy/modelComp/Expo_2N_1/priorfile.txt, Ng4PymB1dy/modelComp/Expo_2N_1/ABCstat.txt
    jobid: 28
    wildcards: timeStamp=Ng4PymB1dy, model=Expo_2N, i=1


		submit_simulations_1pop.py 1 1000 1 Expo_2N chi modelComp Expo_2N /home/croux/Documents/ABConline/1pop/config.yaml Ng4PymB1dy
		
Finished job 14.
14 of 38 steps (37%) done

rule simulationsModelComp:
    input: Ng4PymB1dy/bpfile, Ng4PymB1dy/nLoci.txt
    output: Ng4PymB1dy/modelComp/Discrete_1N_0/bpfile, Ng4PymB1dy/modelComp/Discrete_1N_0/priorfile.txt, Ng4PymB1dy/modelComp/Discrete_1N_0/ABCstat.txt
    jobid: 23
    wildcards: timeStamp=Ng4PymB1dy, model=Discrete_1N, i=0


		submit_simulations_1pop.py 1 1000 0 Discrete_1N chi modelComp Discrete_1N /home/croux/Documents/ABConline/1pop/config.yaml Ng4PymB1dy
		
Finished job 19.
15 of 38 steps (39%) done

rule simulationsModelComp:
    input: Ng4PymB1dy/bpfile, Ng4PymB1dy/nLoci.txt
    output: Ng4PymB1dy/modelComp/Constant_2N_4/bpfile, Ng4PymB1dy/modelComp/Constant_2N_4/priorfile.txt, Ng4PymB1dy/modelComp/Constant_2N_4/ABCstat.txt
    jobid: 30
    wildcards: timeStamp=Ng4PymB1dy, model=Constant_2N, i=4


		submit_simulations_1pop.py 1 1000 4 Constant_2N chi modelComp Constant_2N /home/croux/Documents/ABConline/1pop/config.yaml Ng4PymB1dy
		
Finished job 37.
16 of 38 steps (42%) done

rule simulationsModelComp:
    input: Ng4PymB1dy/bpfile, Ng4PymB1dy/nLoci.txt
    output: Ng4PymB1dy/modelComp/Discrete_2N_3/bpfile, Ng4PymB1dy/modelComp/Discrete_2N_3/priorfile.txt, Ng4PymB1dy/modelComp/Discrete_2N_3/ABCstat.txt
    jobid: 22
    wildcards: timeStamp=Ng4PymB1dy, model=Discrete_2N, i=3


		submit_simulations_1pop.py 1 1000 3 Discrete_2N chi modelComp Discrete_2N /home/croux/Documents/ABConline/1pop/config.yaml Ng4PymB1dy
		
Finished job 34.
17 of 38 steps (45%) done

rule simulationsModelComp:
    input: Ng4PymB1dy/bpfile, Ng4PymB1dy/nLoci.txt
    output: Ng4PymB1dy/modelComp/Constant_2N_2/bpfile, Ng4PymB1dy/modelComp/Constant_2N_2/priorfile.txt, Ng4PymB1dy/modelComp/Constant_2N_2/ABCstat.txt
    jobid: 35
    wildcards: timeStamp=Ng4PymB1dy, model=Constant_2N, i=2


		submit_simulations_1pop.py 1 1000 2 Constant_2N chi modelComp Constant_2N /home/croux/Documents/ABConline/1pop/config.yaml Ng4PymB1dy
		
Finished job 31.
18 of 38 steps (47%) done

rule simulationsModelComp:
    input: Ng4PymB1dy/bpfile, Ng4PymB1dy/nLoci.txt
    output: Ng4PymB1dy/modelComp/Expo_1N_3/bpfile, Ng4PymB1dy/modelComp/Expo_1N_3/priorfile.txt, Ng4PymB1dy/modelComp/Expo_1N_3/ABCstat.txt
    jobid: 25
    wildcards: timeStamp=Ng4PymB1dy, model=Expo_1N, i=3


		submit_simulations_1pop.py 1 1000 3 Expo_1N chi modelComp Expo_1N /home/croux/Documents/ABConline/1pop/config.yaml Ng4PymB1dy
		
Finished job 8.
19 of 38 steps (50%) done

rule simulationsModelComp:
    input: Ng4PymB1dy/bpfile, Ng4PymB1dy/nLoci.txt
    output: Ng4PymB1dy/modelComp/Discrete_2N_1/bpfile, Ng4PymB1dy/modelComp/Discrete_2N_1/priorfile.txt, Ng4PymB1dy/modelComp/Discrete_2N_1/ABCstat.txt
    jobid: 24
    wildcards: timeStamp=Ng4PymB1dy, model=Discrete_2N, i=1


		submit_simulations_1pop.py 1 1000 1 Discrete_2N chi modelComp Discrete_2N /home/croux/Documents/ABConline/1pop/config.yaml Ng4PymB1dy
		
Finished job 26.
20 of 38 steps (53%) done

rule simulationsModelComp:
    input: Ng4PymB1dy/bpfile, Ng4PymB1dy/nLoci.txt
    output: Ng4PymB1dy/modelComp/Discrete_1N_2/bpfile, Ng4PymB1dy/modelComp/Discrete_1N_2/priorfile.txt, Ng4PymB1dy/modelComp/Discrete_1N_2/ABCstat.txt
    jobid: 10
    wildcards: timeStamp=Ng4PymB1dy, model=Discrete_1N, i=2


		submit_simulations_1pop.py 1 1000 2 Discrete_1N chi modelComp Discrete_1N /home/croux/Documents/ABConline/1pop/config.yaml Ng4PymB1dy
		
Finished job 30.
21 of 38 steps (55%) done

rule simulationsModelComp:
    input: Ng4PymB1dy/bpfile, Ng4PymB1dy/nLoci.txt
    output: Ng4PymB1dy/modelComp/Constant_1N_0/bpfile, Ng4PymB1dy/modelComp/Constant_1N_0/priorfile.txt, Ng4PymB1dy/modelComp/Constant_1N_0/ABCstat.txt
    jobid: 20
    wildcards: timeStamp=Ng4PymB1dy, model=Constant_1N, i=0


		submit_simulations_1pop.py 1 1000 0 Constant_1N chi modelComp Constant_1N /home/croux/Documents/ABConline/1pop/config.yaml Ng4PymB1dy
		
Finished job 35.
22 of 38 steps (58%) done

rule simulationsModelComp:
    input: Ng4PymB1dy/bpfile, Ng4PymB1dy/nLoci.txt
    output: Ng4PymB1dy/modelComp/Discrete_2N_0/bpfile, Ng4PymB1dy/modelComp/Discrete_2N_0/priorfile.txt, Ng4PymB1dy/modelComp/Discrete_2N_0/ABCstat.txt
    jobid: 11
    wildcards: timeStamp=Ng4PymB1dy, model=Discrete_2N, i=0


		submit_simulations_1pop.py 1 1000 0 Discrete_2N chi modelComp Discrete_2N /home/croux/Documents/ABConline/1pop/config.yaml Ng4PymB1dy
		
Finished job 23.
23 of 38 steps (61%) done

rule simulationsModelComp:
    input: Ng4PymB1dy/bpfile, Ng4PymB1dy/nLoci.txt
    output: Ng4PymB1dy/modelComp/Constant_2N_3/bpfile, Ng4PymB1dy/modelComp/Constant_2N_3/priorfile.txt, Ng4PymB1dy/modelComp/Constant_2N_3/ABCstat.txt
    jobid: 36
    wildcards: timeStamp=Ng4PymB1dy, model=Constant_2N, i=3


		submit_simulations_1pop.py 1 1000 3 Constant_2N chi modelComp Constant_2N /home/croux/Documents/ABConline/1pop/config.yaml Ng4PymB1dy
		
Finished job 22.
24 of 38 steps (63%) done

rule RNAseqFGT:
    input: Ng4PymB1dy/chi_infos.txt, /home/croux/Documents/ABConline/all_loci.fasta, Ng4PymB1dy/nLoci.txt
    output: Ng4PymB1dy/results_recombination.txt
    jobid: 5


		x=$(cat Ng4PymB1dy/chi_infos.txt  | grep -v locusName | awk '{print $2}' | sort -n | tail -n1)
		if (($x<99990)); then
			RNAseqFGT /home/croux/Documents/ABConline/all_loci.fasta Ng4PymB1dy/results_recombination.txt
		else
			echo "/home/croux/Documents/ABConline/all_loci.fasta not in correct FASTA format (line length > 100000)" > Ng4PymB1dy/results_recombination.txt
		fi
		
Finished job 28.
25 of 38 steps (66%) done
Finished job 24.
26 of 38 steps (68%) done
Finished job 25.
27 of 38 steps (71%) done
Finished job 20.
28 of 38 steps (74%) done
Finished job 10.
29 of 38 steps (76%) done
Finished job 36.
30 of 38 steps (79%) done
Finished job 11.
31 of 38 steps (82%) done
Finished job 5.
32 of 38 steps (84%) done

rule modelComparison:
    input: Ng4PymB1dy/ABCstat_global.txt, Ng4PymB1dy/ABCstat_loci.txt, Ng4PymB1dy/modelComp/Constant_1N_0/ABCstat.txt, Ng4PymB1dy/modelComp/Constant_1N_1/ABCstat.txt, Ng4PymB1dy/modelComp/Constant_1N_2/ABCstat.txt, Ng4PymB1dy/modelComp/Constant_1N_3/ABCstat.txt, Ng4PymB1dy/modelComp/Constant_1N_4/ABCstat.txt, Ng4PymB1dy/modelComp/Constant_2N_0/ABCstat.txt, Ng4PymB1dy/modelComp/Constant_2N_1/ABCstat.txt, Ng4PymB1dy/modelComp/Constant_2N_2/ABCstat.txt, Ng4PymB1dy/modelComp/Constant_2N_3/ABCstat.txt, Ng4PymB1dy/modelComp/Constant_2N_4/ABCstat.txt, Ng4PymB1dy/modelComp/Discrete_1N_0/ABCstat.txt, Ng4PymB1dy/modelComp/Discrete_1N_1/ABCstat.txt, Ng4PymB1dy/modelComp/Discrete_1N_2/ABCstat.txt, Ng4PymB1dy/modelComp/Discrete_1N_3/ABCstat.txt, Ng4PymB1dy/modelComp/Discrete_1N_4/ABCstat.txt, Ng4PymB1dy/modelComp/Discrete_2N_0/ABCstat.txt, Ng4PymB1dy/modelComp/Discrete_2N_1/ABCstat.txt, Ng4PymB1dy/modelComp/Discrete_2N_2/ABCstat.txt, Ng4PymB1dy/modelComp/Discrete_2N_3/ABCstat.txt, Ng4PymB1dy/modelComp/Discrete_2N_4/ABCstat.txt, Ng4PymB1dy/modelComp/Expo_1N_0/ABCstat.txt, Ng4PymB1dy/modelComp/Expo_1N_1/ABCstat.txt, Ng4PymB1dy/modelComp/Expo_1N_2/ABCstat.txt, Ng4PymB1dy/modelComp/Expo_1N_3/ABCstat.txt, Ng4PymB1dy/modelComp/Expo_1N_4/ABCstat.txt, Ng4PymB1dy/modelComp/Expo_2N_0/ABCstat.txt, Ng4PymB1dy/modelComp/Expo_2N_1/ABCstat.txt, Ng4PymB1dy/modelComp/Expo_2N_2/ABCstat.txt, Ng4PymB1dy/modelComp/Expo_2N_3/ABCstat.txt, Ng4PymB1dy/modelComp/Expo_2N_4/ABCstat.txt
    output: Ng4PymB1dy/modelComp/report_chi.txt, Ng4PymB1dy/modelComp/locus_specific_modelComp.txt, Ng4PymB1dy/modelComp/best_model.txt, Ng4PymB1dy/modelComp/hierarchical_models.txt, Ng4PymB1dy/sfs_plot.pdf, Ng4PymB1dy/sfs_table.txt
    jobid: 4
    threads: 8


		model_comp_1pop_allModels.R nameA=chi timeStamp=Ng4PymB1dy nMin=12 sub_dir_sim=modelComp nSubdir=5 ntree=2000 ncores=8 outgroup=1
		
Error in rule modelComparison:
    jobid: 4
    output: Ng4PymB1dy/modelComp/report_chi.txt, Ng4PymB1dy/modelComp/locus_specific_modelComp.txt, Ng4PymB1dy/modelComp/best_model.txt, Ng4PymB1dy/modelComp/hierarchical_models.txt, Ng4PymB1dy/sfs_plot.pdf, Ng4PymB1dy/sfs_table.txt

RuleException:
CalledProcessError in line 148 of /home/croux/Documents/ABConline/1pop/Snakefile:
Command '  
		model_comp_1pop_allModels.R nameA=chi timeStamp=Ng4PymB1dy nMin=12 sub_dir_sim=modelComp nSubdir=5 ntree=2000 ncores=8 outgroup=1 ' returned non-zero exit status 127.
  File "/home/croux/Documents/ABConline/1pop/Snakefile", line 148, in __rule_modelComparison
  File "/usr/lib/python3.6/concurrent/futures/thread.py", line 56, in run
Will exit after finishing currently running jobs.
Exiting because a job execution failed. Look above for error message
Complete log: .snakemake/log/2019-08-12T225249.888403.snakemake.log
