Building DAG of jobs...
Provided cores: 8
Rules claiming more threads will be scaled down.
Job counts:
	count	jobs
	1	estimation_best_model
	1	gof
	1	modelComparison
	1	simulation_best_model
	1	simulation_gof
	1	targets
	6

rule modelComparison:
    input: Ng4PymB1dy/ABCstat_global.txt, Ng4PymB1dy/ABCstat_loci.txt, Ng4PymB1dy/modelComp/Constant_1N_0/ABCstat.txt, Ng4PymB1dy/modelComp/Constant_1N_1/ABCstat.txt, Ng4PymB1dy/modelComp/Constant_1N_2/ABCstat.txt, Ng4PymB1dy/modelComp/Constant_1N_3/ABCstat.txt, Ng4PymB1dy/modelComp/Constant_1N_4/ABCstat.txt, Ng4PymB1dy/modelComp/Constant_2N_0/ABCstat.txt, Ng4PymB1dy/modelComp/Constant_2N_1/ABCstat.txt, Ng4PymB1dy/modelComp/Constant_2N_2/ABCstat.txt, Ng4PymB1dy/modelComp/Constant_2N_3/ABCstat.txt, Ng4PymB1dy/modelComp/Constant_2N_4/ABCstat.txt, Ng4PymB1dy/modelComp/Discrete_1N_0/ABCstat.txt, Ng4PymB1dy/modelComp/Discrete_1N_1/ABCstat.txt, Ng4PymB1dy/modelComp/Discrete_1N_2/ABCstat.txt, Ng4PymB1dy/modelComp/Discrete_1N_3/ABCstat.txt, Ng4PymB1dy/modelComp/Discrete_1N_4/ABCstat.txt, Ng4PymB1dy/modelComp/Discrete_2N_0/ABCstat.txt, Ng4PymB1dy/modelComp/Discrete_2N_1/ABCstat.txt, Ng4PymB1dy/modelComp/Discrete_2N_2/ABCstat.txt, Ng4PymB1dy/modelComp/Discrete_2N_3/ABCstat.txt, Ng4PymB1dy/modelComp/Discrete_2N_4/ABCstat.txt, Ng4PymB1dy/modelComp/Expo_1N_0/ABCstat.txt, Ng4PymB1dy/modelComp/Expo_1N_1/ABCstat.txt, Ng4PymB1dy/modelComp/Expo_1N_2/ABCstat.txt, Ng4PymB1dy/modelComp/Expo_1N_3/ABCstat.txt, Ng4PymB1dy/modelComp/Expo_1N_4/ABCstat.txt, Ng4PymB1dy/modelComp/Expo_2N_0/ABCstat.txt, Ng4PymB1dy/modelComp/Expo_2N_1/ABCstat.txt, Ng4PymB1dy/modelComp/Expo_2N_2/ABCstat.txt, Ng4PymB1dy/modelComp/Expo_2N_3/ABCstat.txt, Ng4PymB1dy/modelComp/Expo_2N_4/ABCstat.txt
    output: Ng4PymB1dy/modelComp/report_chi.txt, Ng4PymB1dy/modelComp/locus_specific_modelComp.txt, Ng4PymB1dy/modelComp/best_model.txt, Ng4PymB1dy/modelComp/hierarchical_models.txt, Ng4PymB1dy/sfs_plot.pdf, Ng4PymB1dy/sfs_table.txt
    jobid: 1
    threads: 8


		model_comp_1pop_allModels.R nameA=chi timeStamp=Ng4PymB1dy nMin=12 sub_dir_sim=modelComp nSubdir=5 ntree=2000 ncores=8 outgroup=1
		
Error in rule modelComparison:
    jobid: 1
    output: Ng4PymB1dy/modelComp/report_chi.txt, Ng4PymB1dy/modelComp/locus_specific_modelComp.txt, Ng4PymB1dy/modelComp/best_model.txt, Ng4PymB1dy/modelComp/hierarchical_models.txt, Ng4PymB1dy/sfs_plot.pdf, Ng4PymB1dy/sfs_table.txt

RuleException:
CalledProcessError in line 148 of /home/croux/Documents/ABConline/1pop/Snakefile:
Command '  
		model_comp_1pop_allModels.R nameA=chi timeStamp=Ng4PymB1dy nMin=12 sub_dir_sim=modelComp nSubdir=5 ntree=2000 ncores=8 outgroup=1 ' returned non-zero exit status 127.
  File "/home/croux/Documents/ABConline/1pop/Snakefile", line 148, in __rule_modelComparison
  File "/usr/lib/python3.6/concurrent/futures/thread.py", line 56, in run
Will exit after finishing currently running jobs.
Exiting because a job execution failed. Look above for error message
Complete log: .snakemake/log/2019-08-12T234920.374166.snakemake.log
